<?xml version="1.0" encoding="UTF-8"?>
<!-- Generated by org.testng.reporters.JUnitReportReporter -->
<testsuite hostname="DESKTOP-Q6VUJCM" failures="0" tests="1" name="TestScripts.RegisterTest" time="81.223" errors="0" timestamp="2024-04-28T17:37:00 IST" skipped="0">
  <testcase classname="TestScripts.RegisterTest" name="register" time="81.223"/>
</testsuite> <!-- TestScripts.RegisterTest -->
