<?xml version="1.0" encoding="UTF-8"?>
<!-- Generated by org.testng.reporters.JUnitReportReporter -->
<testsuite hostname="DESKTOP-Q6VUJCM" failures="0" tests="2" name="TestScripts.dependencyTest" time="53.536" errors="0" timestamp="2024-04-30T15:55:48 IST" skipped="0">
  <testcase classname="TestScripts.dependencyTest" name="login" time="48.324"/>
  <testcase classname="TestScripts.dependencyTest" name="AddToCard" time="5.212"/>
</testsuite> <!-- TestScripts.dependencyTest -->
