<?xml version="1.0" encoding="UTF-8"?>
<!-- Generated by org.testng.reporters.JUnitReportReporter -->
<testsuite hostname="DESKTOP-Q6VUJCM" failures="0" tests="1" name="TestScripts.AddToCardTest" time="24.230" errors="0" timestamp="2024-04-30T16:02:19 IST" skipped="0">
  <testcase classname="TestScripts.AddToCardTest" name="AddToCard" time="24.230"/>
</testsuite> <!-- TestScripts.AddToCardTest -->
