<?xml version="1.0" encoding="UTF-8"?>
<!-- Generated by org.testng.reporters.JUnitReportReporter -->
<testsuite hostname="DESKTOP-Q6VUJCM" failures="0" tests="1" name="TestScripts.BookTest" time="15.126" errors="0" timestamp="2024-04-30T16:02:19 IST" skipped="0">
  <testcase classname="TestScripts.BookTest" name="book_001" time="15.126"/>
</testsuite> <!-- TestScripts.BookTest -->
